  [4;36;1mSQL (40.0ms)[0m   [0;1m SELECT name
 FROM sqlite_master
 WHERE type = 'table' AND NOT name = 'sqlite_sequence'
[0m
  [4;35;1mSQL (0.0ms)[0m   [0mselect sqlite_version(*)[0m
  [4;36;1mSQL (12.0ms)[0m   [0;1mCREATE TABLE "schema_migrations" ("version" varchar(255) NOT NULL) [0m
  [4;35;1mSQL (12.0ms)[0m   [0mCREATE UNIQUE INDEX "unique_schema_migrations" ON "schema_migrations" ("version")[0m
  [4;36;1mSQL (0.0ms)[0m   [0;1m SELECT name
 FROM sqlite_master
 WHERE type = 'table' AND NOT name = 'sqlite_sequence'
[0m
  [4;35;1mSQL (0.0ms)[0m   [0mSELECT version FROM schema_migrations[0m
Migrating to CreateUsers (20090406024309)
  [4;36;1mSQL (0.0ms)[0m   [0;1mCREATE TABLE "users" ("id" INTEGER PRIMARY KEY AUTOINCREMENT NOT NULL, "email" varchar(255), "password" varchar(255), "created_at" datetime, "updated_at" datetime) [0m
  [4;35;1mSQL (4.0ms)[0m   [0mINSERT INTO schema_migrations (version) VALUES ('20090406024309')[0m
Migrating to CreateSites (20090406025156)
  [4;36;1mSQL (0.0ms)[0m   [0;1mCREATE TABLE "sites" ("id" INTEGER PRIMARY KEY AUTOINCREMENT NOT NULL, "name" varchar(255), "uri" varchar(255), "last_polled" datetime, "created_at" datetime, "updated_at" datetime) [0m
  [4;35;1mSQL (4.0ms)[0m   [0mINSERT INTO schema_migrations (version) VALUES ('20090406025156')[0m
Migrating to CreateSongs (20090406025310)
  [4;36;1mSQL (0.0ms)[0m   [0;1mCREATE TABLE "songs" ("id" INTEGER PRIMARY KEY AUTOINCREMENT NOT NULL, "uri" varchar(255), "created_at" datetime, "updated_at" datetime) [0m
  [4;35;1mSQL (0.0ms)[0m   [0mINSERT INTO schema_migrations (version) VALUES ('20090406025310')[0m
  [4;36;1mSQL (0.0ms)[0m   [0;1m SELECT name
 FROM sqlite_master
 WHERE type = 'table' AND NOT name = 'sqlite_sequence'
[0m
  [4;35;1mSQL (0.0ms)[0m   [0mSELECT version FROM schema_migrations[0m
  [4;36;1mSQL (4.0ms)[0m   [0;1m SELECT name
 FROM sqlite_master
 WHERE type = 'table' AND NOT name = 'sqlite_sequence'
[0m
  [4;35;1mSQL (0.0ms)[0m   [0mPRAGMA index_list("sites")[0m
  [4;36;1mSQL (0.0ms)[0m   [0;1mPRAGMA index_list("songs")[0m
  [4;35;1mSQL (0.0ms)[0m   [0mPRAGMA index_list("users")[0m
  [4;36;1mSQL (0.0ms)[0m   [0;1m SELECT name
 FROM sqlite_master
 WHERE type = 'table' AND NOT name = 'sqlite_sequence'
[0m
  [4;36;1mUser Exists (0.0ms)[0m   [0;1mSELECT "users".id FROM "users" WHERE ("users"."email" = 'pdswan@gmail.com') LIMIT 1[0m
  [4;36;1mUser Exists (0.0ms)[0m   [0;1mSELECT "users".id FROM "users" WHERE ("users"."email" = 'pdswan@gmail.com') LIMIT 1[0m
  [4;35;1mUser Exists (0.0ms)[0m   [0mSELECT "users".id FROM "users" WHERE ("users"."email" = 'pdswan@gmail.com') LIMIT 1[0m
  [4;36;1mUser Exists (0.0ms)[0m   [0;1mSELECT "users".id FROM "users" WHERE ("users"."email" = 'pdswan@gmail.com') LIMIT 1[0m
  [4;35;1mUser Exists (0.0ms)[0m   [0mSELECT "users".id FROM "users" WHERE ("users"."email" = 'pdswan@gmail.com') LIMIT 1[0m
  [4;36;1mUser Exists (0.0ms)[0m   [0;1mSELECT "users".id FROM "users" WHERE ("users"."email" = 'test@test.com') LIMIT 1[0m
  [4;35;1mUser Exists (0.0ms)[0m   [0mSELECT "users".id FROM "users" WHERE ("users"."email" = 'test@test.com') LIMIT 1[0m
  [4;36;1mUser Exists (0.0ms)[0m   [0;1mSELECT "users".id FROM "users" WHERE ("users"."email" = 'test@test.com') LIMIT 1[0m
  [4;35;1mUser Exists (0.0ms)[0m   [0mSELECT "users".id FROM "users" WHERE ("users"."email" = 'test@test.com') LIMIT 1[0m
  [4;36;1mUser Exists (0.0ms)[0m   [0;1mSELECT "users".id FROM "users" WHERE ("users"."email" = 'test@test.com') LIMIT 1[0m
  [4;35;1mUser Exists (0.0ms)[0m   [0mSELECT "users".id FROM "users" WHERE ("users"."email" = 'test@test.com') LIMIT 1[0m
  [4;36;1mSQL (0.0ms)[0m   [0;1m SELECT name
 FROM sqlite_master
 WHERE type = 'table' AND NOT name = 'sqlite_sequence'
[0m
  [4;35;1mSQL (0.0ms)[0m   [0mSELECT version FROM schema_migrations[0m
Migrating to CreateUsers (20090406024309)
Migrating to CreateSites (20090406025156)
Migrating to CreateSongs (20090406025310)
Migrating to ChangeUserPasswordFieldName (20090406133008)
  [4;36;1mSQL (4.0ms)[0m   [0;1mselect sqlite_version(*)[0m
  [4;36;1mSQL (4.0ms)[0m   [0;1m SELECT name
 FROM sqlite_master
 WHERE type = 'table' AND NOT name = 'sqlite_sequence'
[0m
  [4;35;1mSQL (0.0ms)[0m   [0mSELECT version FROM schema_migrations[0m
Migrating to CreateUsers (20090406024309)
Migrating to CreateSites (20090406025156)
Migrating to CreateSongs (20090406025310)
Migrating to ChangeUserPasswordFieldName (20090406133008)
  [4;36;1mSQL (0.0ms)[0m   [0;1mselect sqlite_version(*)[0m
  [4;36;1mSQL (0.0ms)[0m   [0;1m SELECT name
 FROM sqlite_master
 WHERE type = 'table' AND NOT name = 'sqlite_sequence'
[0m
  [4;35;1mSQL (0.0ms)[0m   [0mSELECT version FROM schema_migrations[0m
Migrating to CreateUsers (20090406024309)
Migrating to CreateSites (20090406025156)
Migrating to CreateSongs (20090406025310)
Migrating to ChangeUserPasswordFieldName (20090406133008)
  [4;36;1mSQL (0.0ms)[0m   [0;1mselect sqlite_version(*)[0m
  [4;35;1mSQL (60.0ms)[0m   [0mCREATE TEMPORARY TABLE "altered_users" ("id" INTEGER PRIMARY KEY AUTOINCREMENT NOT NULL, "email" varchar(255), "password" varchar(255), "created_at" datetime, "updated_at" datetime) [0m
  [4;36;1mSQL (0.0ms)[0m   [0;1mPRAGMA index_list("users")[0m
  [4;35;1mSQL (4.0ms)[0m   [0mDROP TABLE "users"[0m
  [4;36;1mSQL (0.0ms)[0m   [0;1mCREATE TABLE "users" ("id" INTEGER PRIMARY KEY AUTOINCREMENT NOT NULL, "email" varchar(255), "created_at" datetime, "updated_at" datetime) [0m
  [4;35;1mSQL (0.0ms)[0m   [0mPRAGMA index_list("altered_users")[0m
  [4;36;1mSQL (0.0ms)[0m   [0;1mDROP TABLE "altered_users"[0m
  [4;35;1mSQL (0.0ms)[0m   [0mALTER TABLE "users" ADD "hashed_password" varchar(255)[0m
  [4;36;1mSQL (0.0ms)[0m   [0;1mINSERT INTO schema_migrations (version) VALUES ('20090406133008')[0m
  [4;35;1mSQL (0.0ms)[0m   [0m SELECT name
 FROM sqlite_master
 WHERE type = 'table' AND NOT name = 'sqlite_sequence'
[0m
  [4;36;1mSQL (4.0ms)[0m   [0;1mSELECT version FROM schema_migrations[0m
  [4;35;1mSQL (0.0ms)[0m   [0m SELECT name
 FROM sqlite_master
 WHERE type = 'table' AND NOT name = 'sqlite_sequence'
[0m
  [4;36;1mSQL (0.0ms)[0m   [0;1mPRAGMA index_list("sites")[0m
  [4;35;1mSQL (0.0ms)[0m   [0mPRAGMA index_list("songs")[0m
  [4;36;1mSQL (0.0ms)[0m   [0;1mPRAGMA index_list("users")[0m
  [4;36;1mUser Exists (0.0ms)[0m   [0;1mSELECT "users".id FROM "users" WHERE ("users"."email" = 'test@test.com') LIMIT 1[0m
  [4;35;1mUser Exists (4.0ms)[0m   [0mSELECT "users".id FROM "users" WHERE ("users"."email" = 'test@test.com') LIMIT 1[0m
  [4;36;1mUser Exists (0.0ms)[0m   [0;1mSELECT "users".id FROM "users" WHERE ("users"."email" = 'test@test.com') LIMIT 1[0m
  [4;35;1mUser Create (0.0ms)[0m   [0mINSERT INTO "users" ("updated_at", "hashed_password", "email", "created_at") VALUES('2009-04-06 13:44:08', 'a94a8fe5ccb19ba61c4c0873d391e987982fbbd3', 'test@test.com', '2009-04-06 13:44:08')[0m


Processing HomeController#index (for 96.232.143.115 at 2009-04-06 14:05:48) [GET]
Rendering home/index
Completed in 16ms (View: 8, DB: 0) | 200 OK [http://tracks.pdswan.com/]


Processing UsersController#index (for 96.232.143.115 at 2009-04-06 14:05:55) [GET]
  [4;36;1mUser Load (4.0ms)[0m   [0;1mSELECT * FROM "users" [0m
Rendering template within layouts/users
Rendering users/index
Completed in 84ms (View: 64, DB: 4) | 200 OK [http://tracks.pdswan.com/users/]


Processing UsersController#new (for 96.232.143.115 at 2009-04-06 14:06:11) [GET]
Rendering template within layouts/users
Rendering users/new
Completed in 96ms (View: 76, DB: 0) | 200 OK [http://tracks.pdswan.com/users/new]


Processing UsersController#create (for 96.232.143.115 at 2009-04-06 14:06:27) [POST]
  Parameters: {"user"=>{"password"=>"bombilla", "email"=>"pdswan@gmail.com"}, "commit"=>"Create", "authenticity_token"=>"4vM8T8LQfUgUq9bKm5YyE37wEFRx2HqKvLy67FOZtTw="}
  [4;35;1mUser Exists (0.0ms)[0m   [0mSELECT "users".id FROM "users" WHERE ("users"."email" = 'pdswan@gmail.com') LIMIT 1[0m
Rendering template within layouts/users
Rendering users/new
Completed in 36ms (View: 4, DB: 0) | 200 OK [http://tracks.pdswan.com/users]


Processing SitesController#index (for 96.232.143.115 at 2009-04-06 17:45:33) [GET]

SyntaxError (/home/pdswan/public_html/tracks.pdswan.com/app/models/site.rb:15: syntax error, unexpected $end, expecting kEND):
  app/controllers/sites_controller.rb:5:in `index'
  /usr/lib/ruby/1.8/webrick/httpserver.rb:104:in `service'
  /usr/lib/ruby/1.8/webrick/httpserver.rb:65:in `run'
  /usr/lib/ruby/1.8/webrick/server.rb:173:in `start_thread'
  /usr/lib/ruby/1.8/webrick/server.rb:162:in `start'
  /usr/lib/ruby/1.8/webrick/server.rb:162:in `start_thread'
  /usr/lib/ruby/1.8/webrick/server.rb:95:in `start'
  /usr/lib/ruby/1.8/webrick/server.rb:92:in `each'
  /usr/lib/ruby/1.8/webrick/server.rb:92:in `start'
  /usr/lib/ruby/1.8/webrick/server.rb:23:in `start'
  /usr/lib/ruby/1.8/webrick/server.rb:82:in `start'

Rendered rescues/_trace (56.0ms)
Rendered rescues/_request_and_response (0.0ms)
Rendering rescues/layout (internal_server_error)


Processing SitesController#index (for 96.232.143.115 at 2009-04-06 17:45:52) [GET]

MissingSourceFile (no such file to load -- feed-normalizer):
  app/models/site.rb:2
  app/controllers/sites_controller.rb:5:in `index'
  /usr/lib/ruby/1.8/webrick/httpserver.rb:104:in `service'
  /usr/lib/ruby/1.8/webrick/httpserver.rb:65:in `run'
  /usr/lib/ruby/1.8/webrick/server.rb:173:in `start_thread'
  /usr/lib/ruby/1.8/webrick/server.rb:162:in `start'
  /usr/lib/ruby/1.8/webrick/server.rb:162:in `start_thread'
  /usr/lib/ruby/1.8/webrick/server.rb:95:in `start'
  /usr/lib/ruby/1.8/webrick/server.rb:92:in `each'
  /usr/lib/ruby/1.8/webrick/server.rb:92:in `start'
  /usr/lib/ruby/1.8/webrick/server.rb:23:in `start'
  /usr/lib/ruby/1.8/webrick/server.rb:82:in `start'

Rendered rescues/_trace (52.0ms)
Rendered rescues/_request_and_response (0.0ms)
Rendering rescues/layout (internal_server_error)


Processing SitesController#index (for 96.232.143.115 at 2009-04-06 17:46:08) [GET]

MissingSourceFile (no such file to load -- feed-normalizer):
  app/models/site.rb:3
  app/controllers/sites_controller.rb:5:in `index'
  /usr/lib/ruby/1.8/webrick/httpserver.rb:104:in `service'
  /usr/lib/ruby/1.8/webrick/httpserver.rb:65:in `run'
  /usr/lib/ruby/1.8/webrick/server.rb:173:in `start_thread'
  /usr/lib/ruby/1.8/webrick/server.rb:162:in `start'
  /usr/lib/ruby/1.8/webrick/server.rb:162:in `start_thread'
  /usr/lib/ruby/1.8/webrick/server.rb:95:in `start'
  /usr/lib/ruby/1.8/webrick/server.rb:92:in `each'
  /usr/lib/ruby/1.8/webrick/server.rb:92:in `start'
  /usr/lib/ruby/1.8/webrick/server.rb:23:in `start'
  /usr/lib/ruby/1.8/webrick/server.rb:82:in `start'

Rendered rescues/_trace (56.0ms)
Rendered rescues/_request_and_response (0.0ms)
Rendering rescues/layout (internal_server_error)


Processing SitesController#index (for 96.232.143.115 at 2009-04-06 17:46:13) [GET]

MissingSourceFile (no such file to load -- feed-normalizer):
  app/models/site.rb:3
  app/controllers/sites_controller.rb:5:in `index'
  /usr/lib/ruby/1.8/webrick/httpserver.rb:104:in `service'
  /usr/lib/ruby/1.8/webrick/httpserver.rb:65:in `run'
  /usr/lib/ruby/1.8/webrick/server.rb:173:in `start_thread'
  /usr/lib/ruby/1.8/webrick/server.rb:162:in `start'
  /usr/lib/ruby/1.8/webrick/server.rb:162:in `start_thread'
  /usr/lib/ruby/1.8/webrick/server.rb:95:in `start'
  /usr/lib/ruby/1.8/webrick/server.rb:92:in `each'
  /usr/lib/ruby/1.8/webrick/server.rb:92:in `start'
  /usr/lib/ruby/1.8/webrick/server.rb:23:in `start'
  /usr/lib/ruby/1.8/webrick/server.rb:82:in `start'

Rendered rescues/_trace (60.0ms)
Rendered rescues/_request_and_response (0.0ms)
Rendering rescues/layout (internal_server_error)


Processing SitesController#index (for 96.232.143.115 at 2009-04-06 17:46:43) [GET]

MissingSourceFile (no such file to load -- rfeedfinder):
  app/models/site.rb:3
  app/controllers/sites_controller.rb:5:in `index'
  /usr/lib/ruby/1.8/webrick/httpserver.rb:104:in `service'
  /usr/lib/ruby/1.8/webrick/httpserver.rb:65:in `run'
  /usr/lib/ruby/1.8/webrick/server.rb:173:in `start_thread'
  /usr/lib/ruby/1.8/webrick/server.rb:162:in `start'
  /usr/lib/ruby/1.8/webrick/server.rb:162:in `start_thread'
  /usr/lib/ruby/1.8/webrick/server.rb:95:in `start'
  /usr/lib/ruby/1.8/webrick/server.rb:92:in `each'
  /usr/lib/ruby/1.8/webrick/server.rb:92:in `start'
  /usr/lib/ruby/1.8/webrick/server.rb:23:in `start'
  /usr/lib/ruby/1.8/webrick/server.rb:82:in `start'

Rendered rescues/_trace (52.0ms)
Rendered rescues/_request_and_response (0.0ms)
Rendering rescues/layout (internal_server_error)


Processing SitesController#index (for 96.232.143.115 at 2009-04-06 17:46:56) [GET]

MissingSourceFile (no such file to load -- rfeedfinder):
  app/models/site.rb:3
  app/controllers/sites_controller.rb:5:in `index'
  /usr/lib/ruby/1.8/webrick/httpserver.rb:104:in `service'
  /usr/lib/ruby/1.8/webrick/httpserver.rb:65:in `run'
  /usr/lib/ruby/1.8/webrick/server.rb:173:in `start_thread'
  /usr/lib/ruby/1.8/webrick/server.rb:162:in `start'
  /usr/lib/ruby/1.8/webrick/server.rb:162:in `start_thread'
  /usr/lib/ruby/1.8/webrick/server.rb:95:in `start'
  /usr/lib/ruby/1.8/webrick/server.rb:92:in `each'
  /usr/lib/ruby/1.8/webrick/server.rb:92:in `start'
  /usr/lib/ruby/1.8/webrick/server.rb:23:in `start'
  /usr/lib/ruby/1.8/webrick/server.rb:82:in `start'

Rendered rescues/_trace (56.0ms)
Rendered rescues/_request_and_response (0.0ms)
Rendering rescues/layout (internal_server_error)


Processing SitesController#index (for 96.232.143.115 at 2009-04-06 17:47:05) [GET]
  [4;36;1mSite Load (4.0ms)[0m   [0;1mSELECT * FROM "sites" [0m
Rendering template within layouts/sites
Rendering sites/index
Completed in 240ms (View: 140, DB: 4) | 200 OK [http://tracks.pdswan.com/sites]


Processing SitesController#index (for 96.232.143.115 at 2009-04-06 17:52:38) [GET]

MissingSourceFile (no such file to load -- feed-normalizer):
  app/models/site.rb:2
  app/controllers/sites_controller.rb:5:in `index'
  /usr/lib/ruby/1.8/webrick/httpserver.rb:104:in `service'
  /usr/lib/ruby/1.8/webrick/httpserver.rb:65:in `run'
  /usr/lib/ruby/1.8/webrick/server.rb:173:in `start_thread'
  /usr/lib/ruby/1.8/webrick/server.rb:162:in `start'
  /usr/lib/ruby/1.8/webrick/server.rb:162:in `start_thread'
  /usr/lib/ruby/1.8/webrick/server.rb:95:in `start'
  /usr/lib/ruby/1.8/webrick/server.rb:92:in `each'
  /usr/lib/ruby/1.8/webrick/server.rb:92:in `start'
  /usr/lib/ruby/1.8/webrick/server.rb:23:in `start'
  /usr/lib/ruby/1.8/webrick/server.rb:82:in `start'

Rendered rescues/_trace (132.0ms)
Rendered rescues/_request_and_response (0.0ms)
Rendering rescues/layout (internal_server_error)


Processing HomeController#index (for 96.232.143.115 at 2009-04-06 18:28:06) [GET]
Rendering home/index
Completed in 56ms (View: 48, DB: 0) | 200 OK [http://tracks.pdswan.com/]


Processing SitesController#index (for 96.232.143.115 at 2009-04-06 18:28:19) [GET]
  [4;36;1mSite Load (0.0ms)[0m   [0;1mSELECT * FROM "sites" [0m
Rendering template within layouts/sites
Rendering sites/index
Completed in 1284ms (View: 20, DB: 0) | 200 OK [http://tracks.pdswan.com/sites]


Processing SitesController#index (for 96.232.143.115 at 2009-04-06 18:29:29) [GET]
  [4;35;1mSite Load (4.0ms)[0m   [0mSELECT * FROM "sites" [0m
Rendering template within layouts/sites
Rendering sites/index
Completed in 60ms (View: 0, DB: 4) | 200 OK [http://tracks.pdswan.com/sites]


Processing SitesController#index (for 96.232.143.115 at 2009-04-06 21:46:31) [GET]

MissingSourceFile (no such file to load -- /home/pdswan/scripts/getsongs):
  app/models/site.rb:4
  app/controllers/sites_controller.rb:5:in `index'
  /usr/lib/ruby/1.8/webrick/httpserver.rb:104:in `service'
  /usr/lib/ruby/1.8/webrick/httpserver.rb:65:in `run'
  /usr/lib/ruby/1.8/webrick/server.rb:173:in `start_thread'
  /usr/lib/ruby/1.8/webrick/server.rb:162:in `start'
  /usr/lib/ruby/1.8/webrick/server.rb:162:in `start_thread'
  /usr/lib/ruby/1.8/webrick/server.rb:95:in `start'
  /usr/lib/ruby/1.8/webrick/server.rb:92:in `each'
  /usr/lib/ruby/1.8/webrick/server.rb:92:in `start'
  /usr/lib/ruby/1.8/webrick/server.rb:23:in `start'
  /usr/lib/ruby/1.8/webrick/server.rb:82:in `start'

Rendered rescues/_trace (56.0ms)
Rendered rescues/_request_and_response (0.0ms)
Rendering rescues/layout (internal_server_error)


Processing SitesController#index (for 96.232.143.115 at 2009-04-06 21:47:30) [GET]
  [4;36;1mSite Load (4.0ms)[0m   [0;1mSELECT * FROM "sites" [0m
Rendering template within layouts/sites
Rendering sites/index
Completed in 68ms (View: 20, DB: 4) | 200 OK [http://tracks.pdswan.com/sites]


Processing SitesController#index (for 96.232.143.115 at 2009-04-06 21:50:28) [GET]
  [4;35;1mSite Load (0.0ms)[0m   [0mSELECT * FROM "sites" [0m
Rendering template within layouts/sites
Rendering sites/index
Completed in 36ms (View: 4, DB: 0) | 200 OK [http://tracks.pdswan.com/sites]
  [4;36;1mSite Exists (0.0ms)[0m   [0;1mSELECT "sites".id FROM "sites" WHERE ("sites"."uri" IS NULL) LIMIT 1[0m
  [4;35;1mSite Create (28.0ms)[0m   [0mINSERT INTO "sites" ("name", "last_polled", "uri", "updated_at", "created_at") VALUES(NULL, NULL, NULL, '2009-04-06 22:14:52', '2009-04-06 22:14:52')[0m
  [4;36;1mSite Exists (0.0ms)[0m   [0;1mSELECT "sites".id FROM "sites" WHERE ("sites"."uri" IS NULL) LIMIT 1[0m
  [4;35;1mSite Create (0.0ms)[0m   [0mINSERT INTO "sites" ("name", "last_polled", "uri", "updated_at", "created_at") VALUES(NULL, NULL, NULL, '2009-04-06 22:15:38', '2009-04-06 22:15:38')[0m
  [4;36;1mSite Exists (0.0ms)[0m   [0;1mSELECT "sites".id FROM "sites" WHERE ("sites"."uri" IS NULL) LIMIT 1[0m
  [4;35;1mSite Create (0.0ms)[0m   [0mINSERT INTO "sites" ("name", "last_polled", "uri", "updated_at", "created_at") VALUES(NULL, NULL, NULL, '2009-04-06 22:16:29', '2009-04-06 22:16:29')[0m
  [4;36;1mSQL (0.0ms)[0m   [0;1m SELECT name
 FROM sqlite_master
 WHERE type = 'table' AND NOT name = 'sqlite_sequence'
[0m


Processing SitesController#index (for 96.232.143.115 at 2009-04-06 22:16:48) [GET]
  [4;36;1mSite Load (0.0ms)[0m   [0;1mSELECT * FROM "sites" [0m
Rendering template within layouts/sites
Rendering sites/index
Completed in 36ms (View: 4, DB: 0) | 200 OK [http://tracks.pdswan.com/sites]


Processing SitesController#index (for 96.232.143.115 at 2009-04-06 22:16:50) [GET]
  [4;35;1mSite Load (0.0ms)[0m   [0mSELECT * FROM "sites" [0m
Rendering template within layouts/sites
Rendering sites/index
Completed in 40ms (View: 4, DB: 0) | 200 OK [http://tracks.pdswan.com/sites]


Processing SitesController#new (for 96.232.143.115 at 2009-04-06 22:16:55) [GET]
Rendering template within layouts/sites
Rendering sites/new
Completed in 404ms (View: 372, DB: 0) | 200 OK [http://tracks.pdswan.com/sites/new]


Processing SitesController#create (for 96.232.143.115 at 2009-04-06 22:17:30) [POST]
  Parameters: {"commit"=>"Create", "authenticity_token"=>"4vM8T8LQfUgUq9bKm5YyE37wEFRx2HqKvLy67FOZtTw=", "site"=>{"name"=>"Brooklyn Vegan", "uri"=>"http://brooklynvegan.com", "last_polled(1i)"=>"2009", "last_polled(2i)"=>"4", "last_polled(3i)"=>"6", "last_polled(4i)"=>"22", "last_polled(5i)"=>"16"}}
  [4;36;1mSite Exists (0.0ms)[0m   [0;1mSELECT "sites".id FROM "sites" WHERE ("sites"."uri" = 'http://brooklynvegan.com') LIMIT 1[0m
  [4;35;1mSite Create (0.0ms)[0m   [0mINSERT INTO "sites" ("name", "last_polled", "uri", "updated_at", "created_at") VALUES('Brooklyn Vegan', '2009-04-06 22:16:00', 'http://brooklynvegan.com', '2009-04-06 22:17:30', '2009-04-06 22:17:30')[0m
  [4;36;1mSQL (0.0ms)[0m   [0;1m SELECT name
 FROM sqlite_master
 WHERE type = 'table' AND NOT name = 'sqlite_sequence'
[0m

NoMethodError (undefined method `getSongsFromURI' for #<Class:0x7fc3b8685168>):
  app/models/site.rb:16:in `update_songs'
  app/controllers/sites_controller.rb:46:in `create'
  app/controllers/sites_controller.rb:45:in `create'
  /usr/lib/ruby/1.8/webrick/httpserver.rb:104:in `service'
  /usr/lib/ruby/1.8/webrick/httpserver.rb:65:in `run'
  /usr/lib/ruby/1.8/webrick/server.rb:173:in `start_thread'
  /usr/lib/ruby/1.8/webrick/server.rb:162:in `start'
  /usr/lib/ruby/1.8/webrick/server.rb:162:in `start_thread'
  /usr/lib/ruby/1.8/webrick/server.rb:95:in `start'
  /usr/lib/ruby/1.8/webrick/server.rb:92:in `each'
  /usr/lib/ruby/1.8/webrick/server.rb:92:in `start'
  /usr/lib/ruby/1.8/webrick/server.rb:23:in `start'
  /usr/lib/ruby/1.8/webrick/server.rb:82:in `start'

Rendered rescues/_trace (64.0ms)
Rendered rescues/_request_and_response (4.0ms)
Rendering rescues/layout (internal_server_error)


Processing SitesController#new (for 96.232.143.115 at 2009-04-06 22:18:45) [GET]
Rendering template within layouts/sites
Rendering sites/new
Completed in 168ms (View: 140, DB: 0) | 200 OK [http://tracks.pdswan.com/sites/new]


Processing SitesController#create (for 96.232.143.115 at 2009-04-06 22:18:59) [POST]
  Parameters: {"commit"=>"Create", "authenticity_token"=>"4vM8T8LQfUgUq9bKm5YyE37wEFRx2HqKvLy67FOZtTw=", "site"=>{"name"=>"Brooklyn Vegan", "uri"=>"http://brooklynvegan.com", "last_polled(1i)"=>"2009", "last_polled(2i)"=>"4", "last_polled(3i)"=>"6", "last_polled(4i)"=>"22", "last_polled(5i)"=>"16"}}
  [4;35;1mSite Exists (0.0ms)[0m   [0mSELECT "sites".id FROM "sites" WHERE ("sites"."uri" = 'http://brooklynvegan.com') LIMIT 1[0m
  [4;36;1mSite Create (0.0ms)[0m   [0;1mINSERT INTO "sites" ("name", "last_polled", "uri", "updated_at", "created_at") VALUES('Brooklyn Vegan', '2009-04-06 22:16:00', 'http://brooklynvegan.com', '2009-04-06 22:18:59', '2009-04-06 22:18:59')[0m

NoMethodError (You have a nil object when you didn't expect it!
The error occurred while evaluating nil.gsub):
  /usr/lib/ruby/1.8/uri/common.rb:320:in `decode'
  rfeedfinder (0.9.13) lib/rfeedfinder.rb:94:in `feeds'
  rfeedfinder (0.9.13) lib/rfeedfinder.rb:256:in `feed'
  /home/pdswan/scripts/getsongs.rb:15:in `getSongsFromURI'
  app/models/site.rb:16:in `update_songs'
  app/controllers/sites_controller.rb:46:in `create'
  app/controllers/sites_controller.rb:45:in `create'
  /usr/lib/ruby/1.8/webrick/httpserver.rb:104:in `service'
  /usr/lib/ruby/1.8/webrick/httpserver.rb:65:in `run'
  /usr/lib/ruby/1.8/webrick/server.rb:173:in `start_thread'
  /usr/lib/ruby/1.8/webrick/server.rb:162:in `start'
  /usr/lib/ruby/1.8/webrick/server.rb:162:in `start_thread'
  /usr/lib/ruby/1.8/webrick/server.rb:95:in `start'
  /usr/lib/ruby/1.8/webrick/server.rb:92:in `each'
  /usr/lib/ruby/1.8/webrick/server.rb:92:in `start'
  /usr/lib/ruby/1.8/webrick/server.rb:23:in `start'
  /usr/lib/ruby/1.8/webrick/server.rb:82:in `start'

Rendered rescues/_trace (68.0ms)
Rendered rescues/_request_and_response (0.0ms)
Rendering rescues/layout (internal_server_error)


Processing SitesController#new (for 96.232.143.115 at 2009-04-06 22:20:32) [GET]
Rendering template within layouts/sites
Rendering sites/new
Completed in 48ms (View: 12, DB: 0) | 200 OK [http://tracks.pdswan.com/sites/new]


Processing SitesController#create (for 96.232.143.115 at 2009-04-06 22:20:46) [POST]
  Parameters: {"commit"=>"Create", "authenticity_token"=>"4vM8T8LQfUgUq9bKm5YyE37wEFRx2HqKvLy67FOZtTw=", "site"=>{"name"=>"Brooklyn Vegan", "uri"=>"http://brooklynvegan.com", "last_polled(1i)"=>"2009", "last_polled(2i)"=>"4", "last_polled(3i)"=>"6", "last_polled(4i)"=>"22", "last_polled(5i)"=>"16"}}
  [4;35;1mSite Exists (0.0ms)[0m   [0mSELECT "sites".id FROM "sites" WHERE ("sites"."uri" = 'http://brooklynvegan.com') LIMIT 1[0m
  [4;36;1mSite Create (4.0ms)[0m   [0;1mINSERT INTO "sites" ("name", "last_polled", "uri", "updated_at", "created_at") VALUES('Brooklyn Vegan', '2009-04-06 22:16:00', 'http://brooklynvegan.com', '2009-04-06 22:20:46', '2009-04-06 22:20:46')[0m
  [4;35;1mSong Create (0.0ms)[0m   [0mINSERT INTO "songs" ("uri", "updated_at", "created_at") VALUES(NULL, '2009-04-06 22:20:49', '2009-04-06 22:20:49')[0m
  [4;36;1mSong Create (0.0ms)[0m   [0;1mINSERT INTO "songs" ("uri", "updated_at", "created_at") VALUES(NULL, '2009-04-06 22:20:49', '2009-04-06 22:20:49')[0m
  [4;35;1mSong Create (0.0ms)[0m   [0mINSERT INTO "songs" ("uri", "updated_at", "created_at") VALUES(NULL, '2009-04-06 22:20:49', '2009-04-06 22:20:49')[0m
Redirected to http://tracks.pdswan.com:3000/sites/1
Completed in 2812ms (DB: 4) | 302 Found [http://tracks.pdswan.com/sites]


Processing SitesController#show (for 96.232.143.115 at 2009-04-06 22:20:49) [GET]
  Parameters: {"id"=>"1"}
  [4;36;1mSite Load (0.0ms)[0m   [0;1mSELECT * FROM "sites" WHERE ("sites"."id" = 1) [0m
Rendering template within layouts/sites
Rendering sites/show
Completed in 60ms (View: 28, DB: 0) | 200 OK [http://tracks.pdswan.com/sites/1]


Processing SongsController#index (for 96.232.143.115 at 2009-04-06 22:20:58) [GET]
  [4;35;1mSong Load (4.0ms)[0m   [0mSELECT * FROM "songs" [0m
Rendering template within layouts/songs
Rendering songs/index
Completed in 96ms (View: 80, DB: 4) | 200 OK [http://tracks.pdswan.com/songs]


Processing SongsController#show (for 96.232.143.115 at 2009-04-06 22:21:16) [GET]
  Parameters: {"id"=>"1"}
  [4;36;1mSong Load (0.0ms)[0m   [0;1mSELECT * FROM "songs" WHERE ("songs"."id" = 1) [0m
Rendering template within layouts/songs
Rendering songs/show
Completed in 156ms (View: 20, DB: 0) | 200 OK [http://tracks.pdswan.com/songs/1]


Processing SongsController#index (for 96.232.143.115 at 2009-04-06 22:21:18) [GET]
  [4;35;1mSong Load (4.0ms)[0m   [0mSELECT * FROM "songs" [0m
Rendering template within layouts/songs
Rendering songs/index
Completed in 32ms (View: 16, DB: 4) | 200 OK [http://tracks.pdswan.com/songs]


Processing SongsController#show (for 96.232.143.115 at 2009-04-06 22:21:20) [GET]
  Parameters: {"id"=>"2"}
  [4;36;1mSong Load (0.0ms)[0m   [0;1mSELECT * FROM "songs" WHERE ("songs"."id" = 2) [0m
Rendering template within layouts/songs
Rendering songs/show
Completed in 20ms (View: 4, DB: 0) | 200 OK [http://tracks.pdswan.com/songs/2]


Processing SongsController#index (for 96.232.143.115 at 2009-04-06 22:21:22) [GET]
  [4;35;1mSong Load (4.0ms)[0m   [0mSELECT * FROM "songs" [0m
Rendering template within layouts/songs
Rendering songs/index
Completed in 24ms (View: 12, DB: 4) | 200 OK [http://tracks.pdswan.com/songs]
  [4;36;1mSong Create (4.0ms)[0m   [0;1mINSERT INTO "songs" ("uri", "updated_at", "created_at") VALUES(NULL, '2009-04-06 22:22:41', '2009-04-06 22:22:41')[0m


Processing SitesController#index (for 96.232.143.115 at 2009-04-06 22:25:01) [GET]
  [4;36;1mSite Load (4.0ms)[0m   [0;1mSELECT * FROM "sites" [0m
Rendering template within layouts/sites
Rendering sites/index
Completed in 40ms (View: 8, DB: 4) | 200 OK [http://tracks.pdswan.com/sites]


Processing SitesController#destroy (for 96.232.143.115 at 2009-04-06 22:25:06) [DELETE]
  Parameters: {"authenticity_token"=>"4vM8T8LQfUgUq9bKm5YyE37wEFRx2HqKvLy67FOZtTw=", "id"=>"1"}
  [4;35;1mSite Load (0.0ms)[0m   [0mSELECT * FROM "sites" WHERE ("sites"."id" = 1) [0m
  [4;36;1mSite Destroy (4.0ms)[0m   [0;1mDELETE FROM "sites" WHERE "id" = 1[0m
Redirected to http://tracks.pdswan.com:3000/sites
Completed in 192ms (DB: 4) | 302 Found [http://tracks.pdswan.com/sites/1]


Processing SitesController#index (for 96.232.143.115 at 2009-04-06 22:25:07) [GET]
  [4;35;1mSite Load (4.0ms)[0m   [0mSELECT * FROM "sites" [0m
Rendering template within layouts/sites
Rendering sites/index
Completed in 32ms (View: 0, DB: 4) | 200 OK [http://tracks.pdswan.com/sites]


Processing SitesController#new (for 96.232.143.115 at 2009-04-06 22:25:09) [GET]
Rendering template within layouts/sites
Rendering sites/new
Completed in 56ms (View: 20, DB: 0) | 200 OK [http://tracks.pdswan.com/sites/new]


Processing SitesController#create (for 96.232.143.115 at 2009-04-06 22:25:21) [POST]
  Parameters: {"commit"=>"Create", "authenticity_token"=>"4vM8T8LQfUgUq9bKm5YyE37wEFRx2HqKvLy67FOZtTw=", "site"=>{"name"=>"Brooklyn Vegan", "uri"=>"http://brooklynvegan.com", "last_polled(1i)"=>"2009", "last_polled(2i)"=>"4", "last_polled(3i)"=>"6", "last_polled(4i)"=>"22", "last_polled(5i)"=>"25"}}
  [4;36;1mSite Exists (4.0ms)[0m   [0;1mSELECT "sites".id FROM "sites" WHERE ("sites"."uri" = 'http://brooklynvegan.com') LIMIT 1[0m
  [4;35;1mSite Create (0.0ms)[0m   [0mINSERT INTO "sites" ("name", "last_polled", "uri", "updated_at", "created_at") VALUES('Brooklyn Vegan', '2009-04-06 22:25:00', 'http://brooklynvegan.com', '2009-04-06 22:25:21', '2009-04-06 22:25:21')[0m

ActiveRecord::UnknownAttributeError (unknown attribute: site_id):
  app/models/site.rb:18:in `update_songs'
  app/models/site.rb:17:in `each'
  app/models/site.rb:17:in `update_songs'
  app/controllers/sites_controller.rb:46:in `create'
  app/controllers/sites_controller.rb:45:in `create'
  /usr/lib/ruby/1.8/webrick/httpserver.rb:104:in `service'
  /usr/lib/ruby/1.8/webrick/httpserver.rb:65:in `run'
  /usr/lib/ruby/1.8/webrick/server.rb:173:in `start_thread'
  /usr/lib/ruby/1.8/webrick/server.rb:162:in `start'
  /usr/lib/ruby/1.8/webrick/server.rb:162:in `start_thread'
  /usr/lib/ruby/1.8/webrick/server.rb:95:in `start'
  /usr/lib/ruby/1.8/webrick/server.rb:92:in `each'
  /usr/lib/ruby/1.8/webrick/server.rb:92:in `start'
  /usr/lib/ruby/1.8/webrick/server.rb:23:in `start'
  /usr/lib/ruby/1.8/webrick/server.rb:82:in `start'

Rendered rescues/_trace (176.0ms)
Rendered rescues/_request_and_response (0.0ms)
Rendering rescues/layout (internal_server_error)


Processing SitesController#index (for 96.232.143.115 at 2009-04-06 22:27:15) [GET]
  [4;36;1mSite Load (4.0ms)[0m   [0;1mSELECT * FROM "sites" [0m
Rendering template within layouts/sites
Rendering sites/index
Completed in 28ms (View: 0, DB: 4) | 200 OK [http://tracks.pdswan.com/sites]


Processing SitesController#new (for 96.232.143.115 at 2009-04-06 22:27:17) [GET]
Rendering template within layouts/sites
Rendering sites/new
Completed in 48ms (View: 16, DB: 0) | 200 OK [http://tracks.pdswan.com/sites/new]


Processing SitesController#create (for 96.232.143.115 at 2009-04-06 22:27:25) [POST]
  Parameters: {"commit"=>"Create", "authenticity_token"=>"4vM8T8LQfUgUq9bKm5YyE37wEFRx2HqKvLy67FOZtTw=", "site"=>{"name"=>"Brooklyn Vegan", "uri"=>"http://brooklynvegan.com", "last_polled(1i)"=>"2009", "last_polled(2i)"=>"4", "last_polled(3i)"=>"6", "last_polled(4i)"=>"22", "last_polled(5i)"=>"27"}}
  [4;35;1mSite Exists (0.0ms)[0m   [0mSELECT "sites".id FROM "sites" WHERE ("sites"."uri" = 'http://brooklynvegan.com') LIMIT 1[0m
  [4;36;1mSite Create (0.0ms)[0m   [0;1mINSERT INTO "sites" ("name", "last_polled", "uri", "updated_at", "created_at") VALUES('Brooklyn Vegan', '2009-04-06 22:27:00', 'http://brooklynvegan.com', '2009-04-06 22:27:25', '2009-04-06 22:27:25')[0m

NoMethodError (undefined method `songs' for #<Site:0x7fc3b80cceb0>):
  app/models/site.rb:18:in `update_songs'
  app/models/site.rb:17:in `each'
  app/models/site.rb:17:in `update_songs'
  app/controllers/sites_controller.rb:46:in `create'
  app/controllers/sites_controller.rb:45:in `create'
  /usr/lib/ruby/1.8/webrick/httpserver.rb:104:in `service'
  /usr/lib/ruby/1.8/webrick/httpserver.rb:65:in `run'
  /usr/lib/ruby/1.8/webrick/server.rb:173:in `start_thread'
  /usr/lib/ruby/1.8/webrick/server.rb:162:in `start'
  /usr/lib/ruby/1.8/webrick/server.rb:162:in `start_thread'
  /usr/lib/ruby/1.8/webrick/server.rb:95:in `start'
  /usr/lib/ruby/1.8/webrick/server.rb:92:in `each'
  /usr/lib/ruby/1.8/webrick/server.rb:92:in `start'
  /usr/lib/ruby/1.8/webrick/server.rb:23:in `start'
  /usr/lib/ruby/1.8/webrick/server.rb:82:in `start'

Rendered rescues/_trace (72.0ms)
Rendered rescues/_request_and_response (0.0ms)
Rendering rescues/layout (internal_server_error)


Processing SitesController#index (for 96.232.143.115 at 2009-04-06 22:28:29) [GET]
  [4;35;1mSite Load (0.0ms)[0m   [0mSELECT * FROM "sites" [0m
Rendering template within layouts/sites
Rendering sites/index
Completed in 32ms (View: 4, DB: 0) | 200 OK [http://tracks.pdswan.com/sites]


Processing SitesController#index (for 96.232.143.115 at 2009-04-06 22:28:30) [GET]
  [4;36;1mSite Load (0.0ms)[0m   [0;1mSELECT * FROM "sites" [0m
Rendering template within layouts/sites
Rendering sites/index
Completed in 32ms (View: 4, DB: 0) | 200 OK [http://tracks.pdswan.com/sites]
  [4;36;1mSQL (4.0ms)[0m   [0;1m SELECT name
 FROM sqlite_master
 WHERE type = 'table' AND NOT name = 'sqlite_sequence'
[0m
  [4;35;1mSQL (0.0ms)[0m   [0mSELECT version FROM schema_migrations[0m
Migrating to CreateUsers (20090406024309)
Migrating to CreateSites (20090406025156)
Migrating to CreateSongs (20090406025310)
Migrating to ChangeUserPasswordFieldName (20090406133008)
Migrating to AddForeignKeyToSongs (20090406223731)
  [4;36;1mSQL (0.0ms)[0m   [0;1mselect sqlite_version(*)[0m
  [4;35;1mSQL (0.0ms)[0m   [0mALTER TABLE "songs" ADD "site_id" integer[0m
  [4;36;1mSQL (0.0ms)[0m   [0;1mINSERT INTO schema_migrations (version) VALUES ('20090406223731')[0m
  [4;35;1mSQL (0.0ms)[0m   [0m SELECT name
 FROM sqlite_master
 WHERE type = 'table' AND NOT name = 'sqlite_sequence'
[0m
  [4;36;1mSQL (4.0ms)[0m   [0;1mSELECT version FROM schema_migrations[0m
  [4;35;1mSQL (0.0ms)[0m   [0m SELECT name
 FROM sqlite_master
 WHERE type = 'table' AND NOT name = 'sqlite_sequence'
[0m
  [4;36;1mSQL (0.0ms)[0m   [0;1mPRAGMA index_list("sites")[0m
  [4;35;1mSQL (0.0ms)[0m   [0mPRAGMA index_list("songs")[0m
  [4;36;1mSQL (0.0ms)[0m   [0;1mPRAGMA index_list("users")[0m


Processing SitesController#new (for 96.232.143.115 at 2009-04-06 22:38:32) [GET]
Rendering template within layouts/sites
Rendering sites/new
Completed in 148ms (View: 116, DB: 0) | 200 OK [http://tracks.pdswan.com/sites/new]


Processing SitesController#create (for 96.232.143.115 at 2009-04-06 22:38:47) [POST]
  Parameters: {"commit"=>"Create", "authenticity_token"=>"4vM8T8LQfUgUq9bKm5YyE37wEFRx2HqKvLy67FOZtTw=", "site"=>{"name"=>"Brooklyn Vegan", "uri"=>"http://brooklynvegan.com", "last_polled(1i)"=>"2009", "last_polled(2i)"=>"4", "last_polled(3i)"=>"6", "last_polled(4i)"=>"22", "last_polled(5i)"=>"38"}}
  [4;35;1mSite Exists (0.0ms)[0m   [0mSELECT "sites".id FROM "sites" WHERE ("sites"."uri" = 'http://brooklynvegan.com') LIMIT 1[0m
  [4;36;1mSite Create (0.0ms)[0m   [0;1mINSERT INTO "sites" ("name", "last_polled", "uri", "updated_at", "created_at") VALUES('Brooklyn Vegan', '2009-04-06 22:38:00', 'http://brooklynvegan.com', '2009-04-06 22:38:47', '2009-04-06 22:38:47')[0m

NoMethodError (undefined method `songs' for #<Site:0x7fc3b86be3c8>):
  app/models/site.rb:18:in `update_songs'
  app/models/site.rb:17:in `each'
  app/models/site.rb:17:in `update_songs'
  app/controllers/sites_controller.rb:46:in `create'
  app/controllers/sites_controller.rb:45:in `create'
  /usr/lib/ruby/1.8/webrick/httpserver.rb:104:in `service'
  /usr/lib/ruby/1.8/webrick/httpserver.rb:65:in `run'
  /usr/lib/ruby/1.8/webrick/server.rb:173:in `start_thread'
  /usr/lib/ruby/1.8/webrick/server.rb:162:in `start'
  /usr/lib/ruby/1.8/webrick/server.rb:162:in `start_thread'
  /usr/lib/ruby/1.8/webrick/server.rb:95:in `start'
  /usr/lib/ruby/1.8/webrick/server.rb:92:in `each'
  /usr/lib/ruby/1.8/webrick/server.rb:92:in `start'
  /usr/lib/ruby/1.8/webrick/server.rb:23:in `start'
  /usr/lib/ruby/1.8/webrick/server.rb:82:in `start'

Rendered rescues/_trace (196.0ms)
Rendered rescues/_request_and_response (0.0ms)
Rendering rescues/layout (internal_server_error)
  [4;36;1mSite Exists (4.0ms)[0m   [0;1mSELECT "sites".id FROM "sites" WHERE ("sites"."uri" = 'http://brooklynvegan.com') LIMIT 1[0m
  [4;35;1mSite Create (4.0ms)[0m   [0mINSERT INTO "sites" ("name", "last_polled", "uri", "updated_at", "created_at") VALUES('brooklyn vegan', NULL, 'http://brooklynvegan.com', '2009-04-06 22:46:03', '2009-04-06 22:46:03')[0m
  [4;36;1mSite Exists (0.0ms)[0m   [0;1mSELECT "sites".id FROM "sites" WHERE ("sites"."uri" = 'http://brooklynvegan.com') LIMIT 1[0m
  [4;35;1mSite Create (4.0ms)[0m   [0mINSERT INTO "sites" ("name", "last_polled", "uri", "updated_at", "created_at") VALUES('brooklyn vegan', NULL, 'http://brooklynvegan.com', '2009-04-06 22:48:49', '2009-04-06 22:48:49')[0m
  [4;36;1mSite Exists (0.0ms)[0m   [0;1mSELECT "sites".id FROM "sites" WHERE ("sites"."uri" = 'http://brooklynvegan.com') LIMIT 1[0m


Processing SitesController#index (for 96.232.143.115 at 2009-04-06 22:51:06) [GET]
  [4;35;1mSite Load (0.0ms)[0m   [0mSELECT * FROM "sites" [0m
Rendering template within layouts/sites
Rendering sites/index
Completed in 60ms (View: 24, DB: 0) | 200 OK [http://tracks.pdswan.com/sites]


Processing SongsController#index (for 96.232.143.115 at 2009-04-06 22:51:13) [GET]
  [4;36;1mSong Load (0.0ms)[0m   [0;1mSELECT * FROM "songs" [0m
Rendering template within layouts/songs
Rendering songs/index
Completed in 28ms (View: 12, DB: 0) | 200 OK [http://tracks.pdswan.com/songs]


Processing SongsController#destroy (for 96.232.143.115 at 2009-04-06 22:51:56) [DELETE]
  Parameters: {"authenticity_token"=>"4vM8T8LQfUgUq9bKm5YyE37wEFRx2HqKvLy67FOZtTw=", "id"=>"1"}
  [4;35;1mSong Load (0.0ms)[0m   [0mSELECT * FROM "songs" WHERE ("songs"."id" = 1) [0m
  [4;36;1mSong Destroy (0.0ms)[0m   [0;1mDELETE FROM "songs" WHERE "id" = 1[0m
Redirected to http://tracks.pdswan.com:3000/songs
Completed in 24ms (DB: 0) | 302 Found [http://tracks.pdswan.com/songs/1]


Processing SongsController#index (for 96.232.143.115 at 2009-04-06 22:51:57) [GET]
  [4;35;1mSong Load (0.0ms)[0m   [0mSELECT * FROM "songs" [0m
Rendering template within layouts/songs
Rendering songs/index
Completed in 28ms (View: 12, DB: 0) | 200 OK [http://tracks.pdswan.com/songs]


Processing SongsController#destroy (for 96.232.143.115 at 2009-04-06 22:52:00) [DELETE]
  Parameters: {"authenticity_token"=>"4vM8T8LQfUgUq9bKm5YyE37wEFRx2HqKvLy67FOZtTw=", "id"=>"2"}
  [4;36;1mSong Load (0.0ms)[0m   [0;1mSELECT * FROM "songs" WHERE ("songs"."id" = 2) [0m
  [4;35;1mSong Destroy (0.0ms)[0m   [0mDELETE FROM "songs" WHERE "id" = 2[0m
Redirected to http://tracks.pdswan.com:3000/songs
Completed in 32ms (DB: 0) | 302 Found [http://tracks.pdswan.com/songs/2]


Processing SongsController#index (for 96.232.143.115 at 2009-04-06 22:52:00) [GET]
  [4;36;1mSong Load (0.0ms)[0m   [0;1mSELECT * FROM "songs" [0m
Rendering template within layouts/songs
Rendering songs/index
Completed in 24ms (View: 12, DB: 0) | 200 OK [http://tracks.pdswan.com/songs]


Processing SongsController#destroy (for 96.232.143.115 at 2009-04-06 22:52:03) [DELETE]
  Parameters: {"authenticity_token"=>"4vM8T8LQfUgUq9bKm5YyE37wEFRx2HqKvLy67FOZtTw=", "id"=>"3"}
  [4;35;1mSong Load (0.0ms)[0m   [0mSELECT * FROM "songs" WHERE ("songs"."id" = 3) [0m
  [4;36;1mSong Destroy (0.0ms)[0m   [0;1mDELETE FROM "songs" WHERE "id" = 3[0m
Redirected to http://tracks.pdswan.com:3000/songs
Completed in 44ms (DB: 0) | 302 Found [http://tracks.pdswan.com/songs/3]


Processing SongsController#index (for 96.232.143.115 at 2009-04-06 22:52:03) [GET]
  [4;35;1mSong Load (0.0ms)[0m   [0mSELECT * FROM "songs" [0m
Rendering template within layouts/songs
Rendering songs/index
Completed in 24ms (View: 12, DB: 0) | 200 OK [http://tracks.pdswan.com/songs]


Processing SongsController#destroy (for 96.232.143.115 at 2009-04-06 22:52:06) [DELETE]
  Parameters: {"authenticity_token"=>"4vM8T8LQfUgUq9bKm5YyE37wEFRx2HqKvLy67FOZtTw=", "id"=>"4"}
  [4;36;1mSong Load (0.0ms)[0m   [0;1mSELECT * FROM "songs" WHERE ("songs"."id" = 4) [0m
  [4;35;1mSong Destroy (0.0ms)[0m   [0mDELETE FROM "songs" WHERE "id" = 4[0m
Redirected to http://tracks.pdswan.com:3000/songs
Completed in 28ms (DB: 0) | 302 Found [http://tracks.pdswan.com/songs/4]


Processing SongsController#index (for 96.232.143.115 at 2009-04-06 22:52:06) [GET]
  [4;36;1mSong Load (0.0ms)[0m   [0;1mSELECT * FROM "songs" [0m
Rendering template within layouts/songs
Rendering songs/index
Completed in 16ms (View: 4, DB: 0) | 200 OK [http://tracks.pdswan.com/songs]


Processing SitesController#index (for 96.232.143.115 at 2009-04-06 22:52:12) [GET]
  [4;35;1mSite Load (0.0ms)[0m   [0mSELECT * FROM "sites" [0m
Rendering template within layouts/sites
Rendering sites/index
Completed in 40ms (View: 12, DB: 0) | 200 OK [http://tracks.pdswan.com/sites]


Processing SitesController#destroy (for 96.232.143.115 at 2009-04-06 22:52:16) [DELETE]
  Parameters: {"authenticity_token"=>"4vM8T8LQfUgUq9bKm5YyE37wEFRx2HqKvLy67FOZtTw=", "id"=>"2"}
  [4;36;1mSite Load (0.0ms)[0m   [0;1mSELECT * FROM "sites" WHERE ("sites"."id" = 2) [0m
  [4;35;1mSite Destroy (0.0ms)[0m   [0mDELETE FROM "sites" WHERE "id" = 2[0m
Redirected to http://tracks.pdswan.com:3000/sites
Completed in 80ms (DB: 0) | 302 Found [http://tracks.pdswan.com/sites/2]


Processing SitesController#index (for 96.232.143.115 at 2009-04-06 22:52:16) [GET]
  [4;36;1mSite Load (4.0ms)[0m   [0;1mSELECT * FROM "sites" [0m
Rendering template within layouts/sites
Rendering sites/index
Completed in 32ms (View: 0, DB: 4) | 200 OK [http://tracks.pdswan.com/sites]
  [4;35;1mSite Exists (0.0ms)[0m   [0mSELECT "sites".id FROM "sites" WHERE ("sites"."uri" = 'http://brooklynvegan.com') LIMIT 1[0m
  [4;36;1mSite Create (0.0ms)[0m   [0;1mINSERT INTO "sites" ("name", "last_polled", "uri", "updated_at", "created_at") VALUES('brooklyn vegan', NULL, 'http://brooklynvegan.com', '2009-04-06 22:53:23', '2009-04-06 22:53:23')[0m
  [4;35;1mSong Create (0.0ms)[0m   [0mINSERT INTO "songs" ("uri", "updated_at", "site_id", "created_at") VALUES('http://spin.com/sites/spin.com/files/audio/Big-Business_Gold-and-Final.mp3', '2009-04-06 22:53:26', 3, '2009-04-06 22:53:26')[0m
  [4;36;1mSong Create (0.0ms)[0m   [0;1mINSERT INTO "songs" ("uri", "updated_at", "site_id", "created_at") VALUES(' http://www.beggarsgroupusa.com/mp3/1990s_thebox.mp3', '2009-04-06 22:53:26', 3, '2009-04-06 22:53:26')[0m
  [4;35;1mSong Create (0.0ms)[0m   [0mINSERT INTO "songs" ("uri", "updated_at", "site_id", "created_at") VALUES('https://www.box.net/shared/static/8exipu35py.mp3', '2009-04-06 22:53:26', 3, '2009-04-06 22:53:26')[0m


Processing SitesController#index (for 96.232.143.115 at 2009-04-06 22:54:14) [GET]
  [4;35;1mSite Load (0.0ms)[0m   [0mSELECT * FROM "sites" [0m
Rendering template within layouts/sites
Rendering sites/index
Completed in 40ms (View: 8, DB: 0) | 200 OK [http://tracks.pdswan.com/sites]


Processing SitesController#show (for 96.232.143.115 at 2009-04-06 22:54:21) [GET]
  Parameters: {"id"=>"3"}
  [4;36;1mSite Load (0.0ms)[0m   [0;1mSELECT * FROM "sites" WHERE ("sites"."id" = 3) [0m
Rendering template within layouts/sites
Rendering sites/show
Completed in 36ms (View: 4, DB: 0) | 200 OK [http://tracks.pdswan.com/sites/3]


Processing SitesController#index (for 96.232.143.115 at 2009-04-06 22:54:25) [GET]
  [4;35;1mSite Load (0.0ms)[0m   [0mSELECT * FROM "sites" [0m
Rendering template within layouts/sites
Rendering sites/index
Completed in 44ms (View: 12, DB: 0) | 200 OK [http://tracks.pdswan.com/sites]


Processing SitesController#new (for 96.232.143.115 at 2009-04-06 22:54:27) [GET]
Rendering template within layouts/sites
Rendering sites/new
Completed in 112ms (View: 80, DB: 0) | 200 OK [http://tracks.pdswan.com/sites/new]


Processing SitesController#index (for 96.232.143.115 at 2009-04-07 00:26:39) [GET]
  [4;36;1mSite Load (0.0ms)[0m   [0;1mSELECT * FROM "sites" [0m
Rendering template within layouts/sites
Rendering sites/index
Completed in 76ms (View: 24, DB: 0) | 200 OK [http://tracks.pdswan.com/sites]


Processing SitesController#new (for 96.232.143.115 at 2009-04-07 00:26:54) [GET]
Rendering template within layouts/sites
Rendering sites/new
Completed in 168ms (View: 136, DB: 0) | 200 OK [http://tracks.pdswan.com/sites/new]


Processing SitesController#create (for 96.232.143.115 at 2009-04-07 00:27:36) [POST]
  Parameters: {"commit"=>"Create", "authenticity_token"=>"4vM8T8LQfUgUq9bKm5YyE37wEFRx2HqKvLy67FOZtTw=", "site"=>{"name"=>"Pretty Much Amazing", "uri"=>"http://prettymuchamazing.com/", "last_polled(1i)"=>"2009", "last_polled(2i)"=>"4", "last_polled(3i)"=>"7", "last_polled(4i)"=>"00", "last_polled(5i)"=>"26"}}
  [4;35;1mSite Exists (0.0ms)[0m   [0mSELECT "sites".id FROM "sites" WHERE ("sites"."uri" = 'http://prettymuchamazing.com/') LIMIT 1[0m
  [4;36;1mSite Create (0.0ms)[0m   [0;1mINSERT INTO "sites" ("name", "last_polled", "uri", "updated_at", "created_at") VALUES('Pretty Much Amazing', '2009-04-07 00:26:00', 'http://prettymuchamazing.com/', '2009-04-07 00:27:36', '2009-04-07 00:27:36')[0m
  [4;35;1mSong Create (0.0ms)[0m   [0mINSERT INTO "songs" ("uri", "updated_at", "site_id", "created_at") VALUES('http://pmatunes.com/wp-content/uploads/2008/09/poker_face__ft_kanye_west_common.mp3', '2009-04-07 00:27:46', 4, '2009-04-07 00:27:46')[0m
  [4;36;1mSong Create (0.0ms)[0m   [0;1mINSERT INTO "songs" ("uri", "updated_at", "site_id", "created_at") VALUES('http://pmatunes.com/wp-content/uploads/2008/09/wale_penthouseanthem.mp3', '2009-04-07 00:27:46', 4, '2009-04-07 00:27:46')[0m
  [4;35;1mSong Create (0.0ms)[0m   [0mINSERT INTO "songs" ("uri", "updated_at", "site_id", "created_at") VALUES('http://pmatunes.com/wp-content/uploads/2008/09/kids-feat-mgmt.mp3', '2009-04-07 00:27:46', 4, '2009-04-07 00:27:46')[0m
Redirected to http://tracks.pdswan.com:3000/sites/4
Completed in 9625ms (DB: 0) | 302 Found [http://tracks.pdswan.com/sites]


Processing SitesController#show (for 96.232.143.115 at 2009-04-07 00:27:46) [GET]
  Parameters: {"id"=>"4"}
  [4;36;1mSite Load (4.0ms)[0m   [0;1mSELECT * FROM "sites" WHERE ("sites"."id" = 4) [0m
Rendering template within layouts/sites
Rendering sites/show
Completed in 40ms (View: 4, DB: 4) | 200 OK [http://tracks.pdswan.com/sites/4]


Processing SongsController#index (for 96.232.143.115 at 2009-04-07 00:27:54) [GET]
  [4;35;1mSong Load (4.0ms)[0m   [0mSELECT * FROM "songs" [0m
Rendering template within layouts/songs
Rendering songs/index
Completed in 44ms (View: 24, DB: 4) | 200 OK [http://tracks.pdswan.com/songs]
