

Processing HomeController#index (for 96.232.143.115 at 2009-04-05 20:00:35) [GET]
Rendering home/index
Completed in 8ms (View: 4, DB: 0) | 200 OK [http://tracks.pdswan.com/]


Processing ApplicationController#index (for 96.232.143.115 at 2009-04-05 20:01:04) [GET]

ActionController::RoutingError (No route matches "/rails/info/properties" with {:method=>:get}):
  passenger (2.1.3) lib/phusion_passenger/rack/request_handler.rb:65:in `process_request'
  passenger (2.1.3) lib/phusion_passenger/abstract_request_handler.rb:197:in `main_loop'
  passenger (2.1.3) lib/phusion_passenger/railz/application_spawner.rb:340:in `start_request_handler'
  passenger (2.1.3) lib/phusion_passenger/railz/application_spawner.rb:298:in `handle_spawn_application'
  passenger (2.1.3) lib/phusion_passenger/utils.rb:176:in `safe_fork'
  passenger (2.1.3) lib/phusion_passenger/railz/application_spawner.rb:296:in `handle_spawn_application'
  passenger (2.1.3) lib/phusion_passenger/abstract_server.rb:332:in `__send__'
  passenger (2.1.3) lib/phusion_passenger/abstract_server.rb:332:in `main_loop'
  passenger (2.1.3) lib/phusion_passenger/abstract_server.rb:182:in `start_synchronously'
  passenger (2.1.3) lib/phusion_passenger/abstract_server.rb:149:in `start'
  passenger (2.1.3) lib/phusion_passenger/railz/application_spawner.rb:192:in `start'
  passenger (2.1.3) lib/phusion_passenger/spawn_manager.rb:260:in `spawn_rails_application'
  passenger (2.1.3) lib/phusion_passenger/abstract_server_collection.rb:121:in `lookup_or_add'
  passenger (2.1.3) lib/phusion_passenger/spawn_manager.rb:254:in `spawn_rails_application'
  passenger (2.1.3) lib/phusion_passenger/abstract_server_collection.rb:75:in `synchronize'
  passenger (2.1.3) lib/phusion_passenger/abstract_server_collection.rb:74:in `synchronize'
  passenger (2.1.3) lib/phusion_passenger/spawn_manager.rb:253:in `spawn_rails_application'
  passenger (2.1.3) lib/phusion_passenger/spawn_manager.rb:148:in `spawn_application'
  passenger (2.1.3) lib/phusion_passenger/spawn_manager.rb:285:in `handle_spawn_application'
  passenger (2.1.3) lib/phusion_passenger/abstract_server.rb:332:in `__send__'
  passenger (2.1.3) lib/phusion_passenger/abstract_server.rb:332:in `main_loop'
  passenger (2.1.3) lib/phusion_passenger/abstract_server.rb:182:in `start_synchronously'

Rendering /home/pdswan/public_html/tracks.pdswan.com/public/404.html (404 Not Found)


Processing HomeController#index (for 96.232.143.115 at 2009-04-05 20:01:28) [GET]
Rendering home/index
Completed in 0ms (View: 0, DB: 0) | 200 OK [http://tracks.pdswan.com/]


Processing ApplicationController#index (for 96.232.143.115 at 2009-04-06 02:29:41) [GET]

ActionController::RoutingError (No route matches "/javascripts/soundmanager/soundmanager2.js" with {:method=>:get}):
  passenger (2.1.3) lib/phusion_passenger/rack/request_handler.rb:65:in `process_request'
  passenger (2.1.3) lib/phusion_passenger/abstract_request_handler.rb:197:in `main_loop'
  passenger (2.1.3) lib/phusion_passenger/railz/application_spawner.rb:340:in `start_request_handler'
  passenger (2.1.3) lib/phusion_passenger/railz/application_spawner.rb:298:in `handle_spawn_application'
  passenger (2.1.3) lib/phusion_passenger/utils.rb:176:in `safe_fork'
  passenger (2.1.3) lib/phusion_passenger/railz/application_spawner.rb:296:in `handle_spawn_application'
  passenger (2.1.3) lib/phusion_passenger/abstract_server.rb:332:in `__send__'
  passenger (2.1.3) lib/phusion_passenger/abstract_server.rb:332:in `main_loop'
  passenger (2.1.3) lib/phusion_passenger/abstract_server.rb:182:in `start_synchronously'
  passenger (2.1.3) lib/phusion_passenger/abstract_server.rb:149:in `start'
  passenger (2.1.3) lib/phusion_passenger/railz/application_spawner.rb:192:in `start'
  passenger (2.1.3) lib/phusion_passenger/spawn_manager.rb:260:in `spawn_rails_application'
  passenger (2.1.3) lib/phusion_passenger/abstract_server_collection.rb:121:in `lookup_or_add'
  passenger (2.1.3) lib/phusion_passenger/spawn_manager.rb:254:in `spawn_rails_application'
  passenger (2.1.3) lib/phusion_passenger/abstract_server_collection.rb:75:in `synchronize'
  passenger (2.1.3) lib/phusion_passenger/abstract_server_collection.rb:74:in `synchronize'
  passenger (2.1.3) lib/phusion_passenger/spawn_manager.rb:253:in `spawn_rails_application'
  passenger (2.1.3) lib/phusion_passenger/spawn_manager.rb:148:in `spawn_application'
  passenger (2.1.3) lib/phusion_passenger/spawn_manager.rb:285:in `handle_spawn_application'
  passenger (2.1.3) lib/phusion_passenger/abstract_server.rb:332:in `__send__'
  passenger (2.1.3) lib/phusion_passenger/abstract_server.rb:332:in `main_loop'
  passenger (2.1.3) lib/phusion_passenger/abstract_server.rb:182:in `start_synchronously'

Rendering /home/pdswan/public_html/tracks.pdswan.com/public/404.html (404 Not Found)


Processing ApplicationController#index (for 96.232.143.115 at 2009-04-06 02:29:55) [GET]

ActionController::RoutingError (No route matches "/javascripts/soundmanager/soundmanager2.js" with {:method=>:get}):
  passenger (2.1.3) lib/phusion_passenger/rack/request_handler.rb:65:in `process_request'
  passenger (2.1.3) lib/phusion_passenger/abstract_request_handler.rb:197:in `main_loop'
  passenger (2.1.3) lib/phusion_passenger/railz/application_spawner.rb:340:in `start_request_handler'
  passenger (2.1.3) lib/phusion_passenger/railz/application_spawner.rb:298:in `handle_spawn_application'
  passenger (2.1.3) lib/phusion_passenger/utils.rb:176:in `safe_fork'
  passenger (2.1.3) lib/phusion_passenger/railz/application_spawner.rb:296:in `handle_spawn_application'
  passenger (2.1.3) lib/phusion_passenger/abstract_server.rb:332:in `__send__'
  passenger (2.1.3) lib/phusion_passenger/abstract_server.rb:332:in `main_loop'
  passenger (2.1.3) lib/phusion_passenger/abstract_server.rb:182:in `start_synchronously'
  passenger (2.1.3) lib/phusion_passenger/abstract_server.rb:149:in `start'
  passenger (2.1.3) lib/phusion_passenger/railz/application_spawner.rb:192:in `start'
  passenger (2.1.3) lib/phusion_passenger/spawn_manager.rb:260:in `spawn_rails_application'
  passenger (2.1.3) lib/phusion_passenger/abstract_server_collection.rb:121:in `lookup_or_add'
  passenger (2.1.3) lib/phusion_passenger/spawn_manager.rb:254:in `spawn_rails_application'
  passenger (2.1.3) lib/phusion_passenger/abstract_server_collection.rb:75:in `synchronize'
  passenger (2.1.3) lib/phusion_passenger/abstract_server_collection.rb:74:in `synchronize'
  passenger (2.1.3) lib/phusion_passenger/spawn_manager.rb:253:in `spawn_rails_application'
  passenger (2.1.3) lib/phusion_passenger/spawn_manager.rb:148:in `spawn_application'
  passenger (2.1.3) lib/phusion_passenger/spawn_manager.rb:285:in `handle_spawn_application'
  passenger (2.1.3) lib/phusion_passenger/abstract_server.rb:332:in `__send__'
  passenger (2.1.3) lib/phusion_passenger/abstract_server.rb:332:in `main_loop'
  passenger (2.1.3) lib/phusion_passenger/abstract_server.rb:182:in `start_synchronously'

Rendering /home/pdswan/public_html/tracks.pdswan.com/public/404.html (404 Not Found)


Processing ApplicationController#index (for 96.232.143.115 at 2009-04-06 02:30:24) [GET]

ActionController::RoutingError (No route matches "/javascripts/soundmanager/soundmanager2.js" with {:method=>:get}):
  passenger (2.1.3) lib/phusion_passenger/rack/request_handler.rb:65:in `process_request'
  passenger (2.1.3) lib/phusion_passenger/abstract_request_handler.rb:197:in `main_loop'
  passenger (2.1.3) lib/phusion_passenger/railz/application_spawner.rb:340:in `start_request_handler'
  passenger (2.1.3) lib/phusion_passenger/railz/application_spawner.rb:298:in `handle_spawn_application'
  passenger (2.1.3) lib/phusion_passenger/utils.rb:176:in `safe_fork'
  passenger (2.1.3) lib/phusion_passenger/railz/application_spawner.rb:296:in `handle_spawn_application'
  passenger (2.1.3) lib/phusion_passenger/abstract_server.rb:332:in `__send__'
  passenger (2.1.3) lib/phusion_passenger/abstract_server.rb:332:in `main_loop'
  passenger (2.1.3) lib/phusion_passenger/abstract_server.rb:182:in `start_synchronously'
  passenger (2.1.3) lib/phusion_passenger/abstract_server.rb:149:in `start'
  passenger (2.1.3) lib/phusion_passenger/railz/application_spawner.rb:192:in `start'
  passenger (2.1.3) lib/phusion_passenger/spawn_manager.rb:260:in `spawn_rails_application'
  passenger (2.1.3) lib/phusion_passenger/abstract_server_collection.rb:121:in `lookup_or_add'
  passenger (2.1.3) lib/phusion_passenger/spawn_manager.rb:254:in `spawn_rails_application'
  passenger (2.1.3) lib/phusion_passenger/abstract_server_collection.rb:75:in `synchronize'
  passenger (2.1.3) lib/phusion_passenger/abstract_server_collection.rb:74:in `synchronize'
  passenger (2.1.3) lib/phusion_passenger/spawn_manager.rb:253:in `spawn_rails_application'
  passenger (2.1.3) lib/phusion_passenger/spawn_manager.rb:148:in `spawn_application'
  passenger (2.1.3) lib/phusion_passenger/spawn_manager.rb:285:in `handle_spawn_application'
  passenger (2.1.3) lib/phusion_passenger/abstract_server.rb:332:in `__send__'
  passenger (2.1.3) lib/phusion_passenger/abstract_server.rb:332:in `main_loop'
  passenger (2.1.3) lib/phusion_passenger/abstract_server.rb:182:in `start_synchronously'

Rendering /home/pdswan/public_html/tracks.pdswan.com/public/404.html (404 Not Found)


Processing ApplicationController#index (for 96.232.143.115 at 2009-04-06 02:31:22) [GET]

ActionController::RoutingError (No route matches "/soundmanager2.swf" with {:method=>:get}):
  passenger (2.1.3) lib/phusion_passenger/rack/request_handler.rb:65:in `process_request'
  passenger (2.1.3) lib/phusion_passenger/abstract_request_handler.rb:197:in `main_loop'
  passenger (2.1.3) lib/phusion_passenger/railz/application_spawner.rb:340:in `start_request_handler'
  passenger (2.1.3) lib/phusion_passenger/railz/application_spawner.rb:298:in `handle_spawn_application'
  passenger (2.1.3) lib/phusion_passenger/utils.rb:176:in `safe_fork'
  passenger (2.1.3) lib/phusion_passenger/railz/application_spawner.rb:296:in `handle_spawn_application'
  passenger (2.1.3) lib/phusion_passenger/abstract_server.rb:332:in `__send__'
  passenger (2.1.3) lib/phusion_passenger/abstract_server.rb:332:in `main_loop'
  passenger (2.1.3) lib/phusion_passenger/abstract_server.rb:182:in `start_synchronously'
  passenger (2.1.3) lib/phusion_passenger/abstract_server.rb:149:in `start'
  passenger (2.1.3) lib/phusion_passenger/railz/application_spawner.rb:192:in `start'
  passenger (2.1.3) lib/phusion_passenger/spawn_manager.rb:260:in `spawn_rails_application'
  passenger (2.1.3) lib/phusion_passenger/abstract_server_collection.rb:121:in `lookup_or_add'
  passenger (2.1.3) lib/phusion_passenger/spawn_manager.rb:254:in `spawn_rails_application'
  passenger (2.1.3) lib/phusion_passenger/abstract_server_collection.rb:75:in `synchronize'
  passenger (2.1.3) lib/phusion_passenger/abstract_server_collection.rb:74:in `synchronize'
  passenger (2.1.3) lib/phusion_passenger/spawn_manager.rb:253:in `spawn_rails_application'
  passenger (2.1.3) lib/phusion_passenger/spawn_manager.rb:148:in `spawn_application'
  passenger (2.1.3) lib/phusion_passenger/spawn_manager.rb:285:in `handle_spawn_application'
  passenger (2.1.3) lib/phusion_passenger/abstract_server.rb:332:in `__send__'
  passenger (2.1.3) lib/phusion_passenger/abstract_server.rb:332:in `main_loop'
  passenger (2.1.3) lib/phusion_passenger/abstract_server.rb:182:in `start_synchronously'

Rendering /home/pdswan/public_html/tracks.pdswan.com/public/404.html (404 Not Found)


Processing ApplicationController#index (for 96.232.143.115 at 2009-04-06 02:31:22) [GET]

ActionController::RoutingError (No route matches "/soundmanager2.swf" with {:method=>:get}):
  passenger (2.1.3) lib/phusion_passenger/rack/request_handler.rb:65:in `process_request'
  passenger (2.1.3) lib/phusion_passenger/abstract_request_handler.rb:197:in `main_loop'
  passenger (2.1.3) lib/phusion_passenger/railz/application_spawner.rb:340:in `start_request_handler'
  passenger (2.1.3) lib/phusion_passenger/railz/application_spawner.rb:298:in `handle_spawn_application'
  passenger (2.1.3) lib/phusion_passenger/utils.rb:176:in `safe_fork'
  passenger (2.1.3) lib/phusion_passenger/railz/application_spawner.rb:296:in `handle_spawn_application'
  passenger (2.1.3) lib/phusion_passenger/abstract_server.rb:332:in `__send__'
  passenger (2.1.3) lib/phusion_passenger/abstract_server.rb:332:in `main_loop'
  passenger (2.1.3) lib/phusion_passenger/abstract_server.rb:182:in `start_synchronously'
  passenger (2.1.3) lib/phusion_passenger/abstract_server.rb:149:in `start'
  passenger (2.1.3) lib/phusion_passenger/railz/application_spawner.rb:192:in `start'
  passenger (2.1.3) lib/phusion_passenger/spawn_manager.rb:260:in `spawn_rails_application'
  passenger (2.1.3) lib/phusion_passenger/abstract_server_collection.rb:121:in `lookup_or_add'
  passenger (2.1.3) lib/phusion_passenger/spawn_manager.rb:254:in `spawn_rails_application'
  passenger (2.1.3) lib/phusion_passenger/abstract_server_collection.rb:75:in `synchronize'
  passenger (2.1.3) lib/phusion_passenger/abstract_server_collection.rb:74:in `synchronize'
  passenger (2.1.3) lib/phusion_passenger/spawn_manager.rb:253:in `spawn_rails_application'
  passenger (2.1.3) lib/phusion_passenger/spawn_manager.rb:148:in `spawn_application'
  passenger (2.1.3) lib/phusion_passenger/spawn_manager.rb:285:in `handle_spawn_application'
  passenger (2.1.3) lib/phusion_passenger/abstract_server.rb:332:in `__send__'
  passenger (2.1.3) lib/phusion_passenger/abstract_server.rb:332:in `main_loop'
  passenger (2.1.3) lib/phusion_passenger/abstract_server.rb:182:in `start_synchronously'

Rendering /home/pdswan/public_html/tracks.pdswan.com/public/404.html (404 Not Found)


Processing ApplicationController#index (for 96.232.143.115 at 2009-04-06 02:32:29) [GET]

ActionController::RoutingError (No route matches "/javascripts/soundmanager/script//*soundmanager2.js" with {:method=>:get}):
  passenger (2.1.3) lib/phusion_passenger/rack/request_handler.rb:65:in `process_request'
  passenger (2.1.3) lib/phusion_passenger/abstract_request_handler.rb:197:in `main_loop'
  passenger (2.1.3) lib/phusion_passenger/railz/application_spawner.rb:340:in `start_request_handler'
  passenger (2.1.3) lib/phusion_passenger/railz/application_spawner.rb:298:in `handle_spawn_application'
  passenger (2.1.3) lib/phusion_passenger/utils.rb:176:in `safe_fork'
  passenger (2.1.3) lib/phusion_passenger/railz/application_spawner.rb:296:in `handle_spawn_application'
  passenger (2.1.3) lib/phusion_passenger/abstract_server.rb:332:in `__send__'
  passenger (2.1.3) lib/phusion_passenger/abstract_server.rb:332:in `main_loop'
  passenger (2.1.3) lib/phusion_passenger/abstract_server.rb:182:in `start_synchronously'
  passenger (2.1.3) lib/phusion_passenger/abstract_server.rb:149:in `start'
  passenger (2.1.3) lib/phusion_passenger/railz/application_spawner.rb:192:in `start'
  passenger (2.1.3) lib/phusion_passenger/spawn_manager.rb:260:in `spawn_rails_application'
  passenger (2.1.3) lib/phusion_passenger/abstract_server_collection.rb:121:in `lookup_or_add'
  passenger (2.1.3) lib/phusion_passenger/spawn_manager.rb:254:in `spawn_rails_application'
  passenger (2.1.3) lib/phusion_passenger/abstract_server_collection.rb:75:in `synchronize'
  passenger (2.1.3) lib/phusion_passenger/abstract_server_collection.rb:74:in `synchronize'
  passenger (2.1.3) lib/phusion_passenger/spawn_manager.rb:253:in `spawn_rails_application'
  passenger (2.1.3) lib/phusion_passenger/spawn_manager.rb:148:in `spawn_application'
  passenger (2.1.3) lib/phusion_passenger/spawn_manager.rb:285:in `handle_spawn_application'
  passenger (2.1.3) lib/phusion_passenger/abstract_server.rb:332:in `__send__'
  passenger (2.1.3) lib/phusion_passenger/abstract_server.rb:332:in `main_loop'
  passenger (2.1.3) lib/phusion_passenger/abstract_server.rb:182:in `start_synchronously'

Rendering /home/pdswan/public_html/tracks.pdswan.com/public/404.html (404 Not Found)


Processing ApplicationController#index (for 96.232.143.115 at 2009-04-06 02:32:42) [GET]

ActionController::RoutingError (No route matches "/soundmanager2.swf" with {:method=>:get}):
  passenger (2.1.3) lib/phusion_passenger/rack/request_handler.rb:65:in `process_request'
  passenger (2.1.3) lib/phusion_passenger/abstract_request_handler.rb:197:in `main_loop'
  passenger (2.1.3) lib/phusion_passenger/railz/application_spawner.rb:340:in `start_request_handler'
  passenger (2.1.3) lib/phusion_passenger/railz/application_spawner.rb:298:in `handle_spawn_application'
  passenger (2.1.3) lib/phusion_passenger/utils.rb:176:in `safe_fork'
  passenger (2.1.3) lib/phusion_passenger/railz/application_spawner.rb:296:in `handle_spawn_application'
  passenger (2.1.3) lib/phusion_passenger/abstract_server.rb:332:in `__send__'
  passenger (2.1.3) lib/phusion_passenger/abstract_server.rb:332:in `main_loop'
  passenger (2.1.3) lib/phusion_passenger/abstract_server.rb:182:in `start_synchronously'
  passenger (2.1.3) lib/phusion_passenger/abstract_server.rb:149:in `start'
  passenger (2.1.3) lib/phusion_passenger/railz/application_spawner.rb:192:in `start'
  passenger (2.1.3) lib/phusion_passenger/spawn_manager.rb:260:in `spawn_rails_application'
  passenger (2.1.3) lib/phusion_passenger/abstract_server_collection.rb:121:in `lookup_or_add'
  passenger (2.1.3) lib/phusion_passenger/spawn_manager.rb:254:in `spawn_rails_application'
  passenger (2.1.3) lib/phusion_passenger/abstract_server_collection.rb:75:in `synchronize'
  passenger (2.1.3) lib/phusion_passenger/abstract_server_collection.rb:74:in `synchronize'
  passenger (2.1.3) lib/phusion_passenger/spawn_manager.rb:253:in `spawn_rails_application'
  passenger (2.1.3) lib/phusion_passenger/spawn_manager.rb:148:in `spawn_application'
  passenger (2.1.3) lib/phusion_passenger/spawn_manager.rb:285:in `handle_spawn_application'
  passenger (2.1.3) lib/phusion_passenger/abstract_server.rb:332:in `__send__'
  passenger (2.1.3) lib/phusion_passenger/abstract_server.rb:332:in `main_loop'
  passenger (2.1.3) lib/phusion_passenger/abstract_server.rb:182:in `start_synchronously'

Rendering /home/pdswan/public_html/tracks.pdswan.com/public/404.html (404 Not Found)


Processing ApplicationController#index (for 96.232.143.115 at 2009-04-06 02:32:42) [GET]

ActionController::RoutingError (No route matches "/soundmanager2.swf" with {:method=>:get}):
  passenger (2.1.3) lib/phusion_passenger/rack/request_handler.rb:65:in `process_request'
  passenger (2.1.3) lib/phusion_passenger/abstract_request_handler.rb:197:in `main_loop'
  passenger (2.1.3) lib/phusion_passenger/railz/application_spawner.rb:340:in `start_request_handler'
  passenger (2.1.3) lib/phusion_passenger/railz/application_spawner.rb:298:in `handle_spawn_application'
  passenger (2.1.3) lib/phusion_passenger/utils.rb:176:in `safe_fork'
  passenger (2.1.3) lib/phusion_passenger/railz/application_spawner.rb:296:in `handle_spawn_application'
  passenger (2.1.3) lib/phusion_passenger/abstract_server.rb:332:in `__send__'
  passenger (2.1.3) lib/phusion_passenger/abstract_server.rb:332:in `main_loop'
  passenger (2.1.3) lib/phusion_passenger/abstract_server.rb:182:in `start_synchronously'
  passenger (2.1.3) lib/phusion_passenger/abstract_server.rb:149:in `start'
  passenger (2.1.3) lib/phusion_passenger/railz/application_spawner.rb:192:in `start'
  passenger (2.1.3) lib/phusion_passenger/spawn_manager.rb:260:in `spawn_rails_application'
  passenger (2.1.3) lib/phusion_passenger/abstract_server_collection.rb:121:in `lookup_or_add'
  passenger (2.1.3) lib/phusion_passenger/spawn_manager.rb:254:in `spawn_rails_application'
  passenger (2.1.3) lib/phusion_passenger/abstract_server_collection.rb:75:in `synchronize'
  passenger (2.1.3) lib/phusion_passenger/abstract_server_collection.rb:74:in `synchronize'
  passenger (2.1.3) lib/phusion_passenger/spawn_manager.rb:253:in `spawn_rails_application'
  passenger (2.1.3) lib/phusion_passenger/spawn_manager.rb:148:in `spawn_application'
  passenger (2.1.3) lib/phusion_passenger/spawn_manager.rb:285:in `handle_spawn_application'
  passenger (2.1.3) lib/phusion_passenger/abstract_server.rb:332:in `__send__'
  passenger (2.1.3) lib/phusion_passenger/abstract_server.rb:332:in `main_loop'
  passenger (2.1.3) lib/phusion_passenger/abstract_server.rb:182:in `start_synchronously'

Rendering /home/pdswan/public_html/tracks.pdswan.com/public/404.html (404 Not Found)


Processing ApplicationController#index (for 96.232.143.115 at 2009-04-06 02:33:11) [GET]

ActionController::RoutingError (No route matches "/soundmanager2.swf" with {:method=>:get}):
  passenger (2.1.3) lib/phusion_passenger/rack/request_handler.rb:65:in `process_request'
  passenger (2.1.3) lib/phusion_passenger/abstract_request_handler.rb:197:in `main_loop'
  passenger (2.1.3) lib/phusion_passenger/railz/application_spawner.rb:340:in `start_request_handler'
  passenger (2.1.3) lib/phusion_passenger/railz/application_spawner.rb:298:in `handle_spawn_application'
  passenger (2.1.3) lib/phusion_passenger/utils.rb:176:in `safe_fork'
  passenger (2.1.3) lib/phusion_passenger/railz/application_spawner.rb:296:in `handle_spawn_application'
  passenger (2.1.3) lib/phusion_passenger/abstract_server.rb:332:in `__send__'
  passenger (2.1.3) lib/phusion_passenger/abstract_server.rb:332:in `main_loop'
  passenger (2.1.3) lib/phusion_passenger/abstract_server.rb:182:in `start_synchronously'
  passenger (2.1.3) lib/phusion_passenger/abstract_server.rb:149:in `start'
  passenger (2.1.3) lib/phusion_passenger/railz/application_spawner.rb:192:in `start'
  passenger (2.1.3) lib/phusion_passenger/spawn_manager.rb:260:in `spawn_rails_application'
  passenger (2.1.3) lib/phusion_passenger/abstract_server_collection.rb:121:in `lookup_or_add'
  passenger (2.1.3) lib/phusion_passenger/spawn_manager.rb:254:in `spawn_rails_application'
  passenger (2.1.3) lib/phusion_passenger/abstract_server_collection.rb:75:in `synchronize'
  passenger (2.1.3) lib/phusion_passenger/abstract_server_collection.rb:74:in `synchronize'
  passenger (2.1.3) lib/phusion_passenger/spawn_manager.rb:253:in `spawn_rails_application'
  passenger (2.1.3) lib/phusion_passenger/spawn_manager.rb:148:in `spawn_application'
  passenger (2.1.3) lib/phusion_passenger/spawn_manager.rb:285:in `handle_spawn_application'
  passenger (2.1.3) lib/phusion_passenger/abstract_server.rb:332:in `__send__'
  passenger (2.1.3) lib/phusion_passenger/abstract_server.rb:332:in `main_loop'
  passenger (2.1.3) lib/phusion_passenger/abstract_server.rb:182:in `start_synchronously'

Rendering /home/pdswan/public_html/tracks.pdswan.com/public/404.html (404 Not Found)


Processing ApplicationController#index (for 96.232.143.115 at 2009-04-06 02:33:11) [GET]

ActionController::RoutingError (No route matches "/soundmanager2.swf" with {:method=>:get}):
  passenger (2.1.3) lib/phusion_passenger/rack/request_handler.rb:65:in `process_request'
  passenger (2.1.3) lib/phusion_passenger/abstract_request_handler.rb:197:in `main_loop'
  passenger (2.1.3) lib/phusion_passenger/railz/application_spawner.rb:340:in `start_request_handler'
  passenger (2.1.3) lib/phusion_passenger/railz/application_spawner.rb:298:in `handle_spawn_application'
  passenger (2.1.3) lib/phusion_passenger/utils.rb:176:in `safe_fork'
  passenger (2.1.3) lib/phusion_passenger/railz/application_spawner.rb:296:in `handle_spawn_application'
  passenger (2.1.3) lib/phusion_passenger/abstract_server.rb:332:in `__send__'
  passenger (2.1.3) lib/phusion_passenger/abstract_server.rb:332:in `main_loop'
  passenger (2.1.3) lib/phusion_passenger/abstract_server.rb:182:in `start_synchronously'
  passenger (2.1.3) lib/phusion_passenger/abstract_server.rb:149:in `start'
  passenger (2.1.3) lib/phusion_passenger/railz/application_spawner.rb:192:in `start'
  passenger (2.1.3) lib/phusion_passenger/spawn_manager.rb:260:in `spawn_rails_application'
  passenger (2.1.3) lib/phusion_passenger/abstract_server_collection.rb:121:in `lookup_or_add'
  passenger (2.1.3) lib/phusion_passenger/spawn_manager.rb:254:in `spawn_rails_application'
  passenger (2.1.3) lib/phusion_passenger/abstract_server_collection.rb:75:in `synchronize'
  passenger (2.1.3) lib/phusion_passenger/abstract_server_collection.rb:74:in `synchronize'
  passenger (2.1.3) lib/phusion_passenger/spawn_manager.rb:253:in `spawn_rails_application'
  passenger (2.1.3) lib/phusion_passenger/spawn_manager.rb:148:in `spawn_application'
  passenger (2.1.3) lib/phusion_passenger/spawn_manager.rb:285:in `handle_spawn_application'
  passenger (2.1.3) lib/phusion_passenger/abstract_server.rb:332:in `__send__'
  passenger (2.1.3) lib/phusion_passenger/abstract_server.rb:332:in `main_loop'
  passenger (2.1.3) lib/phusion_passenger/abstract_server.rb:182:in `start_synchronously'

Rendering /home/pdswan/public_html/tracks.pdswan.com/public/404.html (404 Not Found)


Processing UsersController#index (for 96.232.143.115 at 2009-04-06 03:00:17) [GET]

ActiveRecord::StatementInvalid (SQLite3::SQLException: no such table: users: SELECT * FROM "users" ):
  app/controllers/users_controller.rb:5:in `index'
  passenger (2.1.3) lib/phusion_passenger/rack/request_handler.rb:65:in `process_request'
  passenger (2.1.3) lib/phusion_passenger/abstract_request_handler.rb:197:in `main_loop'
  passenger (2.1.3) lib/phusion_passenger/railz/application_spawner.rb:340:in `start_request_handler'
  passenger (2.1.3) lib/phusion_passenger/railz/application_spawner.rb:298:in `handle_spawn_application'
  passenger (2.1.3) lib/phusion_passenger/utils.rb:176:in `safe_fork'
  passenger (2.1.3) lib/phusion_passenger/railz/application_spawner.rb:296:in `handle_spawn_application'
  passenger (2.1.3) lib/phusion_passenger/abstract_server.rb:332:in `__send__'
  passenger (2.1.3) lib/phusion_passenger/abstract_server.rb:332:in `main_loop'
  passenger (2.1.3) lib/phusion_passenger/abstract_server.rb:182:in `start_synchronously'
  passenger (2.1.3) lib/phusion_passenger/abstract_server.rb:149:in `start'
  passenger (2.1.3) lib/phusion_passenger/railz/application_spawner.rb:192:in `start'
  passenger (2.1.3) lib/phusion_passenger/spawn_manager.rb:260:in `spawn_rails_application'
  passenger (2.1.3) lib/phusion_passenger/abstract_server_collection.rb:121:in `lookup_or_add'
  passenger (2.1.3) lib/phusion_passenger/spawn_manager.rb:254:in `spawn_rails_application'
  passenger (2.1.3) lib/phusion_passenger/abstract_server_collection.rb:75:in `synchronize'
  passenger (2.1.3) lib/phusion_passenger/abstract_server_collection.rb:74:in `synchronize'
  passenger (2.1.3) lib/phusion_passenger/spawn_manager.rb:253:in `spawn_rails_application'
  passenger (2.1.3) lib/phusion_passenger/spawn_manager.rb:148:in `spawn_application'
  passenger (2.1.3) lib/phusion_passenger/spawn_manager.rb:285:in `handle_spawn_application'
  passenger (2.1.3) lib/phusion_passenger/abstract_server.rb:332:in `__send__'
  passenger (2.1.3) lib/phusion_passenger/abstract_server.rb:332:in `main_loop'
  passenger (2.1.3) lib/phusion_passenger/abstract_server.rb:182:in `start_synchronously'

Rendering /home/pdswan/public_html/tracks.pdswan.com/public/500.html (500 Internal Server Error)


Processing ApplicationController#index (for 96.232.143.115 at 2009-04-06 03:00:23) [GET]

ActionController::RoutingError (No route matches "/user" with {:method=>:get}):
  passenger (2.1.3) lib/phusion_passenger/rack/request_handler.rb:65:in `process_request'
  passenger (2.1.3) lib/phusion_passenger/abstract_request_handler.rb:197:in `main_loop'
  passenger (2.1.3) lib/phusion_passenger/railz/application_spawner.rb:340:in `start_request_handler'
  passenger (2.1.3) lib/phusion_passenger/railz/application_spawner.rb:298:in `handle_spawn_application'
  passenger (2.1.3) lib/phusion_passenger/utils.rb:176:in `safe_fork'
  passenger (2.1.3) lib/phusion_passenger/railz/application_spawner.rb:296:in `handle_spawn_application'
  passenger (2.1.3) lib/phusion_passenger/abstract_server.rb:332:in `__send__'
  passenger (2.1.3) lib/phusion_passenger/abstract_server.rb:332:in `main_loop'
  passenger (2.1.3) lib/phusion_passenger/abstract_server.rb:182:in `start_synchronously'
  passenger (2.1.3) lib/phusion_passenger/abstract_server.rb:149:in `start'
  passenger (2.1.3) lib/phusion_passenger/railz/application_spawner.rb:192:in `start'
  passenger (2.1.3) lib/phusion_passenger/spawn_manager.rb:260:in `spawn_rails_application'
  passenger (2.1.3) lib/phusion_passenger/abstract_server_collection.rb:121:in `lookup_or_add'
  passenger (2.1.3) lib/phusion_passenger/spawn_manager.rb:254:in `spawn_rails_application'
  passenger (2.1.3) lib/phusion_passenger/abstract_server_collection.rb:75:in `synchronize'
  passenger (2.1.3) lib/phusion_passenger/abstract_server_collection.rb:74:in `synchronize'
  passenger (2.1.3) lib/phusion_passenger/spawn_manager.rb:253:in `spawn_rails_application'
  passenger (2.1.3) lib/phusion_passenger/spawn_manager.rb:148:in `spawn_application'
  passenger (2.1.3) lib/phusion_passenger/spawn_manager.rb:285:in `handle_spawn_application'
  passenger (2.1.3) lib/phusion_passenger/abstract_server.rb:332:in `__send__'
  passenger (2.1.3) lib/phusion_passenger/abstract_server.rb:332:in `main_loop'
  passenger (2.1.3) lib/phusion_passenger/abstract_server.rb:182:in `start_synchronously'

Rendering /home/pdswan/public_html/tracks.pdswan.com/public/404.html (404 Not Found)


Processing UsersController#index (for 96.232.143.115 at 2009-04-06 13:56:34) [GET]

ActiveRecord::StatementInvalid (SQLite3::SQLException: no such table: users: SELECT * FROM "users" ):
  app/controllers/users_controller.rb:5:in `index'
  passenger (2.1.3) lib/phusion_passenger/rack/request_handler.rb:65:in `process_request'
  passenger (2.1.3) lib/phusion_passenger/abstract_request_handler.rb:197:in `main_loop'
  passenger (2.1.3) lib/phusion_passenger/railz/application_spawner.rb:340:in `start_request_handler'
  passenger (2.1.3) lib/phusion_passenger/railz/application_spawner.rb:298:in `handle_spawn_application'
  passenger (2.1.3) lib/phusion_passenger/utils.rb:176:in `safe_fork'
  passenger (2.1.3) lib/phusion_passenger/railz/application_spawner.rb:296:in `handle_spawn_application'
  passenger (2.1.3) lib/phusion_passenger/abstract_server.rb:332:in `__send__'
  passenger (2.1.3) lib/phusion_passenger/abstract_server.rb:332:in `main_loop'
  passenger (2.1.3) lib/phusion_passenger/abstract_server.rb:182:in `start_synchronously'
  passenger (2.1.3) lib/phusion_passenger/abstract_server.rb:149:in `start'
  passenger (2.1.3) lib/phusion_passenger/railz/application_spawner.rb:192:in `start'
  passenger (2.1.3) lib/phusion_passenger/spawn_manager.rb:260:in `spawn_rails_application'
  passenger (2.1.3) lib/phusion_passenger/abstract_server_collection.rb:121:in `lookup_or_add'
  passenger (2.1.3) lib/phusion_passenger/spawn_manager.rb:254:in `spawn_rails_application'
  passenger (2.1.3) lib/phusion_passenger/abstract_server_collection.rb:75:in `synchronize'
  passenger (2.1.3) lib/phusion_passenger/abstract_server_collection.rb:74:in `synchronize'
  passenger (2.1.3) lib/phusion_passenger/spawn_manager.rb:253:in `spawn_rails_application'
  passenger (2.1.3) lib/phusion_passenger/spawn_manager.rb:148:in `spawn_application'
  passenger (2.1.3) lib/phusion_passenger/spawn_manager.rb:285:in `handle_spawn_application'
  passenger (2.1.3) lib/phusion_passenger/abstract_server.rb:332:in `__send__'
  passenger (2.1.3) lib/phusion_passenger/abstract_server.rb:332:in `main_loop'
  passenger (2.1.3) lib/phusion_passenger/abstract_server.rb:182:in `start_synchronously'

Rendering /home/pdswan/public_html/tracks.pdswan.com/public/500.html (500 Internal Server Error)


Processing HomeController#index (for 96.232.143.115 at 2009-04-06 14:01:49) [GET]
Rendering home/index
Completed in 4ms (View: 0, DB: 0) | 200 OK [http://tracks.pdswan.com/]


Processing HomeController#index (for 96.232.143.115 at 2009-04-06 14:01:51) [GET]
Rendering home/index
Completed in 0ms (View: 0, DB: 0) | 200 OK [http://tracks.pdswan.com/]


Processing HomeController#index (for 96.232.143.115 at 2009-04-06 14:01:55) [GET]
Rendering home/index
Completed in 4ms (View: 0, DB: 0) | 200 OK [http://tracks.pdswan.com/]


Processing HomeController#index (for 96.232.143.115 at 2009-04-06 14:02:42) [GET]
Rendering home/index
Completed in 0ms (View: 0, DB: 0) | 200 OK [http://tracks.pdswan.com/]
